[08/12/2022 21:16:49] Debug: Session id: 9275893c-d7cc-4893-a396-1432df9b3f20
[08/12/2022 21:16:49] Debug: Code Processor information: Name :SnowConvert, Version: 7.11.70.0
[08/12/2022 21:16:50] Debug: Getting license
[08/12/2022 21:16:50] Debug: License information
	Status: Failed
	Message: No active license available.
[08/12/2022 21:16:50] Info: Starting to validate parameters
[08/12/2022 21:16:50] Info: Parameters to validate: 
	Execution mode: Conversion
	LICENSE_KEY: a3372138-b87e-4a08-b929-3b48b24c63f1
[08/12/2022 21:16:50] Info: Validation of parameters: Success
[08/12/2022 21:16:50] Debug: Getting code descriptor
[08/12/2022 21:16:50] Debug: Code descriptor information
	Units: 51
	Units type: LOC
	All file bytes: 2141
	All found extensions: .sql,.dml,.ddl,.bteq,.btq,.fl,.fload,.ml,.mload,.mld,.tp,.tpump,.tpt
[08/12/2022 21:16:50] Debug: Calculating fingerprint
[08/12/2022 21:16:50] Debug: Fingerprint information Fingerprint(size=2141,projects=1)
[08/12/2022 21:16:50] Info: Starting to try to validate online license for execution
[08/12/2022 21:16:51] Debug: Getting license
[08/12/2022 21:16:51] Debug: License information
	Status: Failed
	Message: No active license available.
[08/12/2022 21:16:51] Debug: Starting the execution of the controller
[08/12/2022 21:16:52] Debug: Executing the worker: SnowConvert
[08/12/2022 21:17:05] Debug: Finished executing the worker: SnowConvert
[08/12/2022 21:17:07] Info: Controller execution ended
